<?xml version="1.0" encoding="UTF-8"?>
<testsuite xmlns:xsi="http://www.w3.org/2001/XMLSchema-instance" xsi:noNamespaceSchemaLocation="https://maven.apache.org/surefire/maven-surefire-plugin/xsd/surefire-test-report.xsd" name="com.owino.securityapp.api_tests.HolidaysApiTests" time="4.99" tests="2" errors="0" skipped="0" failures="1">
  <properties>
    <property name="java.specification.version" value="17"/>
    <property name="sun.jnu.encoding" value="UTF-8"/>
    <property name="java.class.path" value="/Users/samuelowino/Documents/rain-water/spring/spring-security/security-app/target/test-classes:/Users/samuelowino/Documents/rain-water/spring/spring-security/security-app/target/classes:/Users/samuelowino/.m2/repository/org/springframework/boot/spring-boot-starter-actuator/3.0.1/spring-boot-starter-actuator-3.0.1.jar:/Users/samuelowino/.m2/repository/org/springframework/boot/spring-boot-starter/3.0.1/spring-boot-starter-3.0.1.jar:/Users/samuelowino/.m2/repository/org/springframework/boot/spring-boot/3.0.1/spring-boot-3.0.1.jar:/Users/samuelowino/.m2/repository/org/springframework/boot/spring-boot-autoconfigure/3.0.1/spring-boot-autoconfigure-3.0.1.jar:/Users/samuelowino/.m2/repository/org/springframework/boot/spring-boot-starter-logging/3.0.1/spring-boot-starter-logging-3.0.1.jar:/Users/samuelowino/.m2/repository/ch/qos/logback/logback-classic/1.4.5/logback-classic-1.4.5.jar:/Users/samuelowino/.m2/repository/ch/qos/logback/logback-core/1.4.5/logback-core-1.4.5.jar:/Users/samuelowino/.m2/repository/org/apache/logging/log4j/log4j-to-slf4j/2.19.0/log4j-to-slf4j-2.19.0.jar:/Users/samuelowino/.m2/repository/org/apache/logging/log4j/log4j-api/2.19.0/log4j-api-2.19.0.jar:/Users/samuelowino/.m2/repository/org/slf4j/jul-to-slf4j/2.0.6/jul-to-slf4j-2.0.6.jar:/Users/samuelowino/.m2/repository/org/yaml/snakeyaml/1.33/snakeyaml-1.33.jar:/Users/samuelowino/.m2/repository/org/springframework/boot/spring-boot-actuator-autoconfigure/3.0.1/spring-boot-actuator-autoconfigure-3.0.1.jar:/Users/samuelowino/.m2/repository/org/springframework/boot/spring-boot-actuator/3.0.1/spring-boot-actuator-3.0.1.jar:/Users/samuelowino/.m2/repository/com/fasterxml/jackson/core/jackson-databind/2.14.1/jackson-databind-2.14.1.jar:/Users/samuelowino/.m2/repository/com/fasterxml/jackson/core/jackson-annotations/2.14.1/jackson-annotations-2.14.1.jar:/Users/samuelowino/.m2/repository/com/fasterxml/jackson/core/jackson-core/2.14.1/jackson-core-2.14.1.jar:/Users/samuelowino/.m2/repository/com/fasterxml/jackson/datatype/jackson-datatype-jsr310/2.14.1/jackson-datatype-jsr310-2.14.1.jar:/Users/samuelowino/.m2/repository/io/micrometer/micrometer-observation/1.10.2/micrometer-observation-1.10.2.jar:/Users/samuelowino/.m2/repository/io/micrometer/micrometer-commons/1.10.2/micrometer-commons-1.10.2.jar:/Users/samuelowino/.m2/repository/io/micrometer/micrometer-core/1.10.2/micrometer-core-1.10.2.jar:/Users/samuelowino/.m2/repository/org/hdrhistogram/HdrHistogram/2.1.12/HdrHistogram-2.1.12.jar:/Users/samuelowino/.m2/repository/org/latencyutils/LatencyUtils/2.0.3/LatencyUtils-2.0.3.jar:/Users/samuelowino/.m2/repository/org/springframework/boot/spring-boot-starter-data-jpa/3.0.1/spring-boot-starter-data-jpa-3.0.1.jar:/Users/samuelowino/.m2/repository/org/springframework/boot/spring-boot-starter-aop/3.0.1/spring-boot-starter-aop-3.0.1.jar:/Users/samuelowino/.m2/repository/org/aspectj/aspectjweaver/1.9.19/aspectjweaver-1.9.19.jar:/Users/samuelowino/.m2/repository/org/springframework/boot/spring-boot-starter-jdbc/3.0.1/spring-boot-starter-jdbc-3.0.1.jar:/Users/samuelowino/.m2/repository/com/zaxxer/HikariCP/5.0.1/HikariCP-5.0.1.jar:/Users/samuelowino/.m2/repository/org/springframework/spring-jdbc/6.0.3/spring-jdbc-6.0.3.jar:/Users/samuelowino/.m2/repository/org/hibernate/orm/hibernate-core/6.1.6.Final/hibernate-core-6.1.6.Final.jar:/Users/samuelowino/.m2/repository/jakarta/persistence/jakarta.persistence-api/3.1.0/jakarta.persistence-api-3.1.0.jar:/Users/samuelowino/.m2/repository/jakarta/transaction/jakarta.transaction-api/2.0.1/jakarta.transaction-api-2.0.1.jar:/Users/samuelowino/.m2/repository/org/jboss/logging/jboss-logging/3.5.0.Final/jboss-logging-3.5.0.Final.jar:/Users/samuelowino/.m2/repository/org/hibernate/common/hibernate-commons-annotations/6.0.2.Final/hibernate-commons-annotations-6.0.2.Final.jar:/Users/samuelowino/.m2/repository/org/jboss/jandex/2.4.2.Final/jandex-2.4.2.Final.jar:/Users/samuelowino/.m2/repository/com/fasterxml/classmate/1.5.1/classmate-1.5.1.jar:/Users/samuelowino/.m2/repository/net/bytebuddy/byte-buddy/1.12.20/byte-buddy-1.12.20.jar:/Users/samuelowino/.m2/repository/org/glassfish/jaxb/jaxb-runtime/4.0.1/jaxb-runtime-4.0.1.jar:/Users/samuelowino/.m2/repository/org/glassfish/jaxb/jaxb-core/4.0.1/jaxb-core-4.0.1.jar:/Users/samuelowino/.m2/repository/org/eclipse/angus/angus-activation/1.0.0/angus-activation-1.0.0.jar:/Users/samuelowino/.m2/repository/org/glassfish/jaxb/txw2/4.0.1/txw2-4.0.1.jar:/Users/samuelowino/.m2/repository/com/sun/istack/istack-commons-runtime/4.1.1/istack-commons-runtime-4.1.1.jar:/Users/samuelowino/.m2/repository/jakarta/inject/jakarta.inject-api/2.0.0/jakarta.inject-api-2.0.0.jar:/Users/samuelowino/.m2/repository/org/antlr/antlr4-runtime/4.10.1/antlr4-runtime-4.10.1.jar:/Users/samuelowino/.m2/repository/org/springframework/data/spring-data-jpa/3.0.0/spring-data-jpa-3.0.0.jar:/Users/samuelowino/.m2/repository/org/springframework/data/spring-data-commons/3.0.0/spring-data-commons-3.0.0.jar:/Users/samuelowino/.m2/repository/org/springframework/spring-orm/6.0.3/spring-orm-6.0.3.jar:/Users/samuelowino/.m2/repository/org/springframework/spring-tx/6.0.3/spring-tx-6.0.3.jar:/Users/samuelowino/.m2/repository/org/springframework/spring-aspects/6.0.3/spring-aspects-6.0.3.jar:/Users/samuelowino/.m2/repository/org/springframework/boot/spring-boot-starter-security/3.0.1/spring-boot-starter-security-3.0.1.jar:/Users/samuelowino/.m2/repository/org/springframework/spring-aop/6.0.3/spring-aop-6.0.3.jar:/Users/samuelowino/.m2/repository/org/springframework/security/spring-security-web/6.0.1/spring-security-web-6.0.1.jar:/Users/samuelowino/.m2/repository/org/springframework/spring-expression/6.0.3/spring-expression-6.0.3.jar:/Users/samuelowino/.m2/repository/org/springframework/security/spring-security-config/6.0.1/spring-security-config-6.0.1.jar:/Users/samuelowino/.m2/repository/org/springframework/security/spring-security-core/6.0.1/spring-security-core-6.0.1.jar:/Users/samuelowino/.m2/repository/org/springframework/security/spring-security-crypto/6.0.1/spring-security-crypto-6.0.1.jar:/Users/samuelowino/.m2/repository/org/springframework/spring-beans/6.0.3/spring-beans-6.0.3.jar:/Users/samuelowino/.m2/repository/org/springframework/spring-context/6.0.3/spring-context-6.0.3.jar:/Users/samuelowino/.m2/repository/org/springframework/spring-core/6.0.3/spring-core-6.0.3.jar:/Users/samuelowino/.m2/repository/org/springframework/spring-jcl/6.0.3/spring-jcl-6.0.3.jar:/Users/samuelowino/.m2/repository/org/springframework/boot/spring-boot-starter-thymeleaf/3.0.1/spring-boot-starter-thymeleaf-3.0.1.jar:/Users/samuelowino/.m2/repository/org/thymeleaf/thymeleaf-spring6/3.1.1.RELEASE/thymeleaf-spring6-3.1.1.RELEASE.jar:/Users/samuelowino/.m2/repository/org/thymeleaf/thymeleaf/3.1.1.RELEASE/thymeleaf-3.1.1.RELEASE.jar:/Users/samuelowino/.m2/repository/org/attoparser/attoparser/2.0.6.RELEASE/attoparser-2.0.6.RELEASE.jar:/Users/samuelowino/.m2/repository/org/unbescape/unbescape/1.1.6.RELEASE/unbescape-1.1.6.RELEASE.jar:/Users/samuelowino/.m2/repository/org/springframework/boot/spring-boot-starter-web/3.0.1/spring-boot-starter-web-3.0.1.jar:/Users/samuelowino/.m2/repository/org/springframework/boot/spring-boot-starter-json/3.0.1/spring-boot-starter-json-3.0.1.jar:/Users/samuelowino/.m2/repository/com/fasterxml/jackson/datatype/jackson-datatype-jdk8/2.14.1/jackson-datatype-jdk8-2.14.1.jar:/Users/samuelowino/.m2/repository/com/fasterxml/jackson/module/jackson-module-parameter-names/2.14.1/jackson-module-parameter-names-2.14.1.jar:/Users/samuelowino/.m2/repository/org/springframework/spring-web/6.0.3/spring-web-6.0.3.jar:/Users/samuelowino/.m2/repository/org/springframework/spring-webmvc/6.0.3/spring-webmvc-6.0.3.jar:/Users/samuelowino/.m2/repository/org/thymeleaf/extras/thymeleaf-extras-springsecurity6/3.1.1.RELEASE/thymeleaf-extras-springsecurity6-3.1.1.RELEASE.jar:/Users/samuelowino/.m2/repository/org/slf4j/slf4j-api/2.0.6/slf4j-api-2.0.6.jar:/Users/samuelowino/.m2/repository/com/h2database/h2/2.1.214/h2-2.1.214.jar:/Users/samuelowino/.m2/repository/com/mysql/mysql-connector-j/8.0.31/mysql-connector-j-8.0.31.jar:/Users/samuelowino/.m2/repository/org/projectlombok/lombok/1.18.24/lombok-1.18.24.jar:/Users/samuelowino/.m2/repository/org/springframework/boot/spring-boot-starter-tomcat/3.0.1/spring-boot-starter-tomcat-3.0.1.jar:/Users/samuelowino/.m2/repository/jakarta/annotation/jakarta.annotation-api/2.1.1/jakarta.annotation-api-2.1.1.jar:/Users/samuelowino/.m2/repository/org/apache/tomcat/embed/tomcat-embed-core/10.1.4/tomcat-embed-core-10.1.4.jar:/Users/samuelowino/.m2/repository/org/apache/tomcat/embed/tomcat-embed-el/10.1.4/tomcat-embed-el-10.1.4.jar:/Users/samuelowino/.m2/repository/org/apache/tomcat/embed/tomcat-embed-websocket/10.1.4/tomcat-embed-websocket-10.1.4.jar:/Users/samuelowino/.m2/repository/org/springframework/boot/spring-boot-starter-test/3.0.1/spring-boot-starter-test-3.0.1.jar:/Users/samuelowino/.m2/repository/org/springframework/boot/spring-boot-test/3.0.1/spring-boot-test-3.0.1.jar:/Users/samuelowino/.m2/repository/org/springframework/boot/spring-boot-test-autoconfigure/3.0.1/spring-boot-test-autoconfigure-3.0.1.jar:/Users/samuelowino/.m2/repository/com/jayway/jsonpath/json-path/2.7.0/json-path-2.7.0.jar:/Users/samuelowino/.m2/repository/net/minidev/json-smart/2.4.8/json-smart-2.4.8.jar:/Users/samuelowino/.m2/repository/net/minidev/accessors-smart/2.4.8/accessors-smart-2.4.8.jar:/Users/samuelowino/.m2/repository/org/ow2/asm/asm/9.1/asm-9.1.jar:/Users/samuelowino/.m2/repository/jakarta/xml/bind/jakarta.xml.bind-api/4.0.0/jakarta.xml.bind-api-4.0.0.jar:/Users/samuelowino/.m2/repository/jakarta/activation/jakarta.activation-api/2.1.0/jakarta.activation-api-2.1.0.jar:/Users/samuelowino/.m2/repository/org/assertj/assertj-core/3.23.1/assertj-core-3.23.1.jar:/Users/samuelowino/.m2/repository/org/hamcrest/hamcrest/2.2/hamcrest-2.2.jar:/Users/samuelowino/.m2/repository/org/junit/jupiter/junit-jupiter/5.9.1/junit-jupiter-5.9.1.jar:/Users/samuelowino/.m2/repository/org/junit/jupiter/junit-jupiter-api/5.9.1/junit-jupiter-api-5.9.1.jar:/Users/samuelowino/.m2/repository/org/opentest4j/opentest4j/1.2.0/opentest4j-1.2.0.jar:/Users/samuelowino/.m2/repository/org/junit/platform/junit-platform-commons/1.9.1/junit-platform-commons-1.9.1.jar:/Users/samuelowino/.m2/repository/org/apiguardian/apiguardian-api/1.1.2/apiguardian-api-1.1.2.jar:/Users/samuelowino/.m2/repository/org/junit/jupiter/junit-jupiter-params/5.9.1/junit-jupiter-params-5.9.1.jar:/Users/samuelowino/.m2/repository/org/junit/jupiter/junit-jupiter-engine/5.9.1/junit-jupiter-engine-5.9.1.jar:/Users/samuelowino/.m2/repository/org/junit/platform/junit-platform-engine/1.9.1/junit-platform-engine-1.9.1.jar:/Users/samuelowino/.m2/repository/org/mockito/mockito-core/4.8.1/mockito-core-4.8.1.jar:/Users/samuelowino/.m2/repository/net/bytebuddy/byte-buddy-agent/1.12.20/byte-buddy-agent-1.12.20.jar:/Users/samuelowino/.m2/repository/org/objenesis/objenesis/3.2/objenesis-3.2.jar:/Users/samuelowino/.m2/repository/org/mockito/mockito-junit-jupiter/4.8.1/mockito-junit-jupiter-4.8.1.jar:/Users/samuelowino/.m2/repository/org/skyscreamer/jsonassert/1.5.1/jsonassert-1.5.1.jar:/Users/samuelowino/.m2/repository/com/vaadin/external/google/android-json/0.0.20131108.vaadin1/android-json-0.0.20131108.vaadin1.jar:/Users/samuelowino/.m2/repository/org/springframework/spring-test/6.0.3/spring-test-6.0.3.jar:/Users/samuelowino/.m2/repository/org/xmlunit/xmlunit-core/2.9.0/xmlunit-core-2.9.0.jar:/Users/samuelowino/.m2/repository/org/springframework/security/spring-security-test/6.0.1/spring-security-test-6.0.1.jar:"/>
    <property name="java.vm.vendor" value="Eclipse Adoptium"/>
    <property name="sun.arch.data.model" value="64"/>
    <property name="java.vendor.url" value="https://adoptium.net/"/>
    <property name="os.name" value="Mac OS X"/>
    <property name="java.vm.specification.version" value="17"/>
    <property name="sun.java.launcher" value="SUN_STANDARD"/>
    <property name="user.country" value="KE"/>
    <property name="sun.boot.library.path" value="/Users/samuelowino/.sdkman/candidates/java/17.0.5-tem/lib"/>
    <property name="sun.java.command" value="/Users/samuelowino/Documents/rain-water/spring/spring-security/security-app/target/surefire/surefirebooter4209283041872566903.jar /Users/samuelowino/Documents/rain-water/spring/spring-security/security-app/target/surefire 2023-01-12T14-22-31_835-jvmRun1 surefire5523573532568804013tmp surefire_017456368431822249531tmp"/>
    <property name="http.nonProxyHosts" value="local|*.local|169.254/16|*.169.254/16"/>
    <property name="jdk.debug" value="release"/>
    <property name="surefire.test.class.path" value="/Users/samuelowino/Documents/rain-water/spring/spring-security/security-app/target/test-classes:/Users/samuelowino/Documents/rain-water/spring/spring-security/security-app/target/classes:/Users/samuelowino/.m2/repository/org/springframework/boot/spring-boot-starter-actuator/3.0.1/spring-boot-starter-actuator-3.0.1.jar:/Users/samuelowino/.m2/repository/org/springframework/boot/spring-boot-starter/3.0.1/spring-boot-starter-3.0.1.jar:/Users/samuelowino/.m2/repository/org/springframework/boot/spring-boot/3.0.1/spring-boot-3.0.1.jar:/Users/samuelowino/.m2/repository/org/springframework/boot/spring-boot-autoconfigure/3.0.1/spring-boot-autoconfigure-3.0.1.jar:/Users/samuelowino/.m2/repository/org/springframework/boot/spring-boot-starter-logging/3.0.1/spring-boot-starter-logging-3.0.1.jar:/Users/samuelowino/.m2/repository/ch/qos/logback/logback-classic/1.4.5/logback-classic-1.4.5.jar:/Users/samuelowino/.m2/repository/ch/qos/logback/logback-core/1.4.5/logback-core-1.4.5.jar:/Users/samuelowino/.m2/repository/org/apache/logging/log4j/log4j-to-slf4j/2.19.0/log4j-to-slf4j-2.19.0.jar:/Users/samuelowino/.m2/repository/org/apache/logging/log4j/log4j-api/2.19.0/log4j-api-2.19.0.jar:/Users/samuelowino/.m2/repository/org/slf4j/jul-to-slf4j/2.0.6/jul-to-slf4j-2.0.6.jar:/Users/samuelowino/.m2/repository/org/yaml/snakeyaml/1.33/snakeyaml-1.33.jar:/Users/samuelowino/.m2/repository/org/springframework/boot/spring-boot-actuator-autoconfigure/3.0.1/spring-boot-actuator-autoconfigure-3.0.1.jar:/Users/samuelowino/.m2/repository/org/springframework/boot/spring-boot-actuator/3.0.1/spring-boot-actuator-3.0.1.jar:/Users/samuelowino/.m2/repository/com/fasterxml/jackson/core/jackson-databind/2.14.1/jackson-databind-2.14.1.jar:/Users/samuelowino/.m2/repository/com/fasterxml/jackson/core/jackson-annotations/2.14.1/jackson-annotations-2.14.1.jar:/Users/samuelowino/.m2/repository/com/fasterxml/jackson/core/jackson-core/2.14.1/jackson-core-2.14.1.jar:/Users/samuelowino/.m2/repository/com/fasterxml/jackson/datatype/jackson-datatype-jsr310/2.14.1/jackson-datatype-jsr310-2.14.1.jar:/Users/samuelowino/.m2/repository/io/micrometer/micrometer-observation/1.10.2/micrometer-observation-1.10.2.jar:/Users/samuelowino/.m2/repository/io/micrometer/micrometer-commons/1.10.2/micrometer-commons-1.10.2.jar:/Users/samuelowino/.m2/repository/io/micrometer/micrometer-core/1.10.2/micrometer-core-1.10.2.jar:/Users/samuelowino/.m2/repository/org/hdrhistogram/HdrHistogram/2.1.12/HdrHistogram-2.1.12.jar:/Users/samuelowino/.m2/repository/org/latencyutils/LatencyUtils/2.0.3/LatencyUtils-2.0.3.jar:/Users/samuelowino/.m2/repository/org/springframework/boot/spring-boot-starter-data-jpa/3.0.1/spring-boot-starter-data-jpa-3.0.1.jar:/Users/samuelowino/.m2/repository/org/springframework/boot/spring-boot-starter-aop/3.0.1/spring-boot-starter-aop-3.0.1.jar:/Users/samuelowino/.m2/repository/org/aspectj/aspectjweaver/1.9.19/aspectjweaver-1.9.19.jar:/Users/samuelowino/.m2/repository/org/springframework/boot/spring-boot-starter-jdbc/3.0.1/spring-boot-starter-jdbc-3.0.1.jar:/Users/samuelowino/.m2/repository/com/zaxxer/HikariCP/5.0.1/HikariCP-5.0.1.jar:/Users/samuelowino/.m2/repository/org/springframework/spring-jdbc/6.0.3/spring-jdbc-6.0.3.jar:/Users/samuelowino/.m2/repository/org/hibernate/orm/hibernate-core/6.1.6.Final/hibernate-core-6.1.6.Final.jar:/Users/samuelowino/.m2/repository/jakarta/persistence/jakarta.persistence-api/3.1.0/jakarta.persistence-api-3.1.0.jar:/Users/samuelowino/.m2/repository/jakarta/transaction/jakarta.transaction-api/2.0.1/jakarta.transaction-api-2.0.1.jar:/Users/samuelowino/.m2/repository/org/jboss/logging/jboss-logging/3.5.0.Final/jboss-logging-3.5.0.Final.jar:/Users/samuelowino/.m2/repository/org/hibernate/common/hibernate-commons-annotations/6.0.2.Final/hibernate-commons-annotations-6.0.2.Final.jar:/Users/samuelowino/.m2/repository/org/jboss/jandex/2.4.2.Final/jandex-2.4.2.Final.jar:/Users/samuelowino/.m2/repository/com/fasterxml/classmate/1.5.1/classmate-1.5.1.jar:/Users/samuelowino/.m2/repository/net/bytebuddy/byte-buddy/1.12.20/byte-buddy-1.12.20.jar:/Users/samuelowino/.m2/repository/org/glassfish/jaxb/jaxb-runtime/4.0.1/jaxb-runtime-4.0.1.jar:/Users/samuelowino/.m2/repository/org/glassfish/jaxb/jaxb-core/4.0.1/jaxb-core-4.0.1.jar:/Users/samuelowino/.m2/repository/org/eclipse/angus/angus-activation/1.0.0/angus-activation-1.0.0.jar:/Users/samuelowino/.m2/repository/org/glassfish/jaxb/txw2/4.0.1/txw2-4.0.1.jar:/Users/samuelowino/.m2/repository/com/sun/istack/istack-commons-runtime/4.1.1/istack-commons-runtime-4.1.1.jar:/Users/samuelowino/.m2/repository/jakarta/inject/jakarta.inject-api/2.0.0/jakarta.inject-api-2.0.0.jar:/Users/samuelowino/.m2/repository/org/antlr/antlr4-runtime/4.10.1/antlr4-runtime-4.10.1.jar:/Users/samuelowino/.m2/repository/org/springframework/data/spring-data-jpa/3.0.0/spring-data-jpa-3.0.0.jar:/Users/samuelowino/.m2/repository/org/springframework/data/spring-data-commons/3.0.0/spring-data-commons-3.0.0.jar:/Users/samuelowino/.m2/repository/org/springframework/spring-orm/6.0.3/spring-orm-6.0.3.jar:/Users/samuelowino/.m2/repository/org/springframework/spring-tx/6.0.3/spring-tx-6.0.3.jar:/Users/samuelowino/.m2/repository/org/springframework/spring-aspects/6.0.3/spring-aspects-6.0.3.jar:/Users/samuelowino/.m2/repository/org/springframework/boot/spring-boot-starter-security/3.0.1/spring-boot-starter-security-3.0.1.jar:/Users/samuelowino/.m2/repository/org/springframework/spring-aop/6.0.3/spring-aop-6.0.3.jar:/Users/samuelowino/.m2/repository/org/springframework/security/spring-security-web/6.0.1/spring-security-web-6.0.1.jar:/Users/samuelowino/.m2/repository/org/springframework/spring-expression/6.0.3/spring-expression-6.0.3.jar:/Users/samuelowino/.m2/repository/org/springframework/security/spring-security-config/6.0.1/spring-security-config-6.0.1.jar:/Users/samuelowino/.m2/repository/org/springframework/security/spring-security-core/6.0.1/spring-security-core-6.0.1.jar:/Users/samuelowino/.m2/repository/org/springframework/security/spring-security-crypto/6.0.1/spring-security-crypto-6.0.1.jar:/Users/samuelowino/.m2/repository/org/springframework/spring-beans/6.0.3/spring-beans-6.0.3.jar:/Users/samuelowino/.m2/repository/org/springframework/spring-context/6.0.3/spring-context-6.0.3.jar:/Users/samuelowino/.m2/repository/org/springframework/spring-core/6.0.3/spring-core-6.0.3.jar:/Users/samuelowino/.m2/repository/org/springframework/spring-jcl/6.0.3/spring-jcl-6.0.3.jar:/Users/samuelowino/.m2/repository/org/springframework/boot/spring-boot-starter-thymeleaf/3.0.1/spring-boot-starter-thymeleaf-3.0.1.jar:/Users/samuelowino/.m2/repository/org/thymeleaf/thymeleaf-spring6/3.1.1.RELEASE/thymeleaf-spring6-3.1.1.RELEASE.jar:/Users/samuelowino/.m2/repository/org/thymeleaf/thymeleaf/3.1.1.RELEASE/thymeleaf-3.1.1.RELEASE.jar:/Users/samuelowino/.m2/repository/org/attoparser/attoparser/2.0.6.RELEASE/attoparser-2.0.6.RELEASE.jar:/Users/samuelowino/.m2/repository/org/unbescape/unbescape/1.1.6.RELEASE/unbescape-1.1.6.RELEASE.jar:/Users/samuelowino/.m2/repository/org/springframework/boot/spring-boot-starter-web/3.0.1/spring-boot-starter-web-3.0.1.jar:/Users/samuelowino/.m2/repository/org/springframework/boot/spring-boot-starter-json/3.0.1/spring-boot-starter-json-3.0.1.jar:/Users/samuelowino/.m2/repository/com/fasterxml/jackson/datatype/jackson-datatype-jdk8/2.14.1/jackson-datatype-jdk8-2.14.1.jar:/Users/samuelowino/.m2/repository/com/fasterxml/jackson/module/jackson-module-parameter-names/2.14.1/jackson-module-parameter-names-2.14.1.jar:/Users/samuelowino/.m2/repository/org/springframework/spring-web/6.0.3/spring-web-6.0.3.jar:/Users/samuelowino/.m2/repository/org/springframework/spring-webmvc/6.0.3/spring-webmvc-6.0.3.jar:/Users/samuelowino/.m2/repository/org/thymeleaf/extras/thymeleaf-extras-springsecurity6/3.1.1.RELEASE/thymeleaf-extras-springsecurity6-3.1.1.RELEASE.jar:/Users/samuelowino/.m2/repository/org/slf4j/slf4j-api/2.0.6/slf4j-api-2.0.6.jar:/Users/samuelowino/.m2/repository/com/h2database/h2/2.1.214/h2-2.1.214.jar:/Users/samuelowino/.m2/repository/com/mysql/mysql-connector-j/8.0.31/mysql-connector-j-8.0.31.jar:/Users/samuelowino/.m2/repository/org/projectlombok/lombok/1.18.24/lombok-1.18.24.jar:/Users/samuelowino/.m2/repository/org/springframework/boot/spring-boot-starter-tomcat/3.0.1/spring-boot-starter-tomcat-3.0.1.jar:/Users/samuelowino/.m2/repository/jakarta/annotation/jakarta.annotation-api/2.1.1/jakarta.annotation-api-2.1.1.jar:/Users/samuelowino/.m2/repository/org/apache/tomcat/embed/tomcat-embed-core/10.1.4/tomcat-embed-core-10.1.4.jar:/Users/samuelowino/.m2/repository/org/apache/tomcat/embed/tomcat-embed-el/10.1.4/tomcat-embed-el-10.1.4.jar:/Users/samuelowino/.m2/repository/org/apache/tomcat/embed/tomcat-embed-websocket/10.1.4/tomcat-embed-websocket-10.1.4.jar:/Users/samuelowino/.m2/repository/org/springframework/boot/spring-boot-starter-test/3.0.1/spring-boot-starter-test-3.0.1.jar:/Users/samuelowino/.m2/repository/org/springframework/boot/spring-boot-test/3.0.1/spring-boot-test-3.0.1.jar:/Users/samuelowino/.m2/repository/org/springframework/boot/spring-boot-test-autoconfigure/3.0.1/spring-boot-test-autoconfigure-3.0.1.jar:/Users/samuelowino/.m2/repository/com/jayway/jsonpath/json-path/2.7.0/json-path-2.7.0.jar:/Users/samuelowino/.m2/repository/net/minidev/json-smart/2.4.8/json-smart-2.4.8.jar:/Users/samuelowino/.m2/repository/net/minidev/accessors-smart/2.4.8/accessors-smart-2.4.8.jar:/Users/samuelowino/.m2/repository/org/ow2/asm/asm/9.1/asm-9.1.jar:/Users/samuelowino/.m2/repository/jakarta/xml/bind/jakarta.xml.bind-api/4.0.0/jakarta.xml.bind-api-4.0.0.jar:/Users/samuelowino/.m2/repository/jakarta/activation/jakarta.activation-api/2.1.0/jakarta.activation-api-2.1.0.jar:/Users/samuelowino/.m2/repository/org/assertj/assertj-core/3.23.1/assertj-core-3.23.1.jar:/Users/samuelowino/.m2/repository/org/hamcrest/hamcrest/2.2/hamcrest-2.2.jar:/Users/samuelowino/.m2/repository/org/junit/jupiter/junit-jupiter/5.9.1/junit-jupiter-5.9.1.jar:/Users/samuelowino/.m2/repository/org/junit/jupiter/junit-jupiter-api/5.9.1/junit-jupiter-api-5.9.1.jar:/Users/samuelowino/.m2/repository/org/opentest4j/opentest4j/1.2.0/opentest4j-1.2.0.jar:/Users/samuelowino/.m2/repository/org/junit/platform/junit-platform-commons/1.9.1/junit-platform-commons-1.9.1.jar:/Users/samuelowino/.m2/repository/org/apiguardian/apiguardian-api/1.1.2/apiguardian-api-1.1.2.jar:/Users/samuelowino/.m2/repository/org/junit/jupiter/junit-jupiter-params/5.9.1/junit-jupiter-params-5.9.1.jar:/Users/samuelowino/.m2/repository/org/junit/jupiter/junit-jupiter-engine/5.9.1/junit-jupiter-engine-5.9.1.jar:/Users/samuelowino/.m2/repository/org/junit/platform/junit-platform-engine/1.9.1/junit-platform-engine-1.9.1.jar:/Users/samuelowino/.m2/repository/org/mockito/mockito-core/4.8.1/mockito-core-4.8.1.jar:/Users/samuelowino/.m2/repository/net/bytebuddy/byte-buddy-agent/1.12.20/byte-buddy-agent-1.12.20.jar:/Users/samuelowino/.m2/repository/org/objenesis/objenesis/3.2/objenesis-3.2.jar:/Users/samuelowino/.m2/repository/org/mockito/mockito-junit-jupiter/4.8.1/mockito-junit-jupiter-4.8.1.jar:/Users/samuelowino/.m2/repository/org/skyscreamer/jsonassert/1.5.1/jsonassert-1.5.1.jar:/Users/samuelowino/.m2/repository/com/vaadin/external/google/android-json/0.0.20131108.vaadin1/android-json-0.0.20131108.vaadin1.jar:/Users/samuelowino/.m2/repository/org/springframework/spring-test/6.0.3/spring-test-6.0.3.jar:/Users/samuelowino/.m2/repository/org/xmlunit/xmlunit-core/2.9.0/xmlunit-core-2.9.0.jar:/Users/samuelowino/.m2/repository/org/springframework/security/spring-security-test/6.0.1/spring-security-test-6.0.1.jar:"/>
    <property name="sun.cpu.endian" value="little"/>
    <property name="user.home" value="/Users/samuelowino"/>
    <property name="user.language" value="en"/>
    <property name="java.specification.vendor" value="Oracle Corporation"/>
    <property name="java.version.date" value="2022-10-18"/>
    <property name="java.home" value="/Users/samuelowino/.sdkman/candidates/java/17.0.5-tem"/>
    <property name="file.separator" value="/"/>
    <property name="basedir" value="/Users/samuelowino/Documents/rain-water/spring/spring-security/security-app"/>
    <property name="java.vm.compressedOopsMode" value="Zero based"/>
    <property name="line.separator" value="&#10;"/>
    <property name="java.specification.name" value="Java Platform API Specification"/>
    <property name="java.vm.specification.vendor" value="Oracle Corporation"/>
    <property name="surefire.real.class.path" value="/Users/samuelowino/Documents/rain-water/spring/spring-security/security-app/target/surefire/surefirebooter4209283041872566903.jar"/>
    <property name="sun.management.compiler" value="HotSpot 64-Bit Tiered Compilers"/>
    <property name="ftp.nonProxyHosts" value="local|*.local|169.254/16|*.169.254/16"/>
    <property name="java.runtime.version" value="17.0.5+8"/>
    <property name="user.name" value="samuelowino"/>
    <property name="path.separator" value=":"/>
    <property name="os.version" value="13.0.1"/>
    <property name="java.runtime.name" value="OpenJDK Runtime Environment"/>
    <property name="file.encoding" value="US-ASCII"/>
    <property name="java.vm.name" value="OpenJDK 64-Bit Server VM"/>
    <property name="java.vendor.version" value="Temurin-17.0.5+8"/>
    <property name="localRepository" value="/Users/samuelowino/.m2/repository"/>
    <property name="java.vendor.url.bug" value="https://github.com/adoptium/adoptium-support/issues"/>
    <property name="java.io.tmpdir" value="/var/folders/7p/7b9sth_d17s054b15fv0qbb80000gn/T/"/>
    <property name="java.version" value="17.0.5"/>
    <property name="user.dir" value="/Users/samuelowino/Documents/rain-water/spring/spring-security/security-app"/>
    <property name="os.arch" value="x86_64"/>
    <property name="java.vm.specification.name" value="Java Virtual Machine Specification"/>
    <property name="native.encoding" value="US-ASCII"/>
    <property name="java.library.path" value="/Users/samuelowino/Library/Java/Extensions:/Library/Java/Extensions:/Network/Library/Java/Extensions:/System/Library/Java/Extensions:/usr/lib/java:."/>
    <property name="java.vm.info" value="mixed mode, sharing"/>
    <property name="java.vendor" value="Eclipse Adoptium"/>
    <property name="java.vm.version" value="17.0.5+8"/>
    <property name="sun.io.unicode.encoding" value="UnicodeBig"/>
    <property name="socksNonProxyHosts" value="local|*.local|169.254/16|*.169.254/16"/>
    <property name="java.class.version" value="61.0"/>
  </properties>
  <testcase name="should_ListApiCapabilitiesWithoutAuthentication_Test" classname="com.owino.securityapp.api_tests.HolidaysApiTests" time="0.737">
    <failure message="Status expected:&lt;200&gt; but was:&lt;401&gt;" type="java.lang.AssertionError"><![CDATA[java.lang.AssertionError: Status expected:<200> but was:<401>
	at com.owino.securityapp.api_tests.HolidaysApiTests.should_ListApiCapabilitiesWithoutAuthentication_Test(HolidaysApiTests.java:35)
]]></failure>
    <system-out><![CDATA[14:22:34.341 [main] DEBUG org.springframework.boot.test.autoconfigure.web.servlet.WebMvcTestContextBootstrapper - Neither @ContextConfiguration nor @ContextHierarchy found for test class [HolidaysApiTests]: using SpringBootContextLoader
14:22:34.368 [main] DEBUG org.springframework.test.context.support.AbstractContextLoader - Could not detect default resource locations for test class [com.owino.securityapp.api_tests.HolidaysApiTests]: no resource found for suffixes {-context.xml, Context.groovy}.
14:22:34.376 [main] INFO org.springframework.test.context.support.AnnotationConfigContextLoaderUtils - Could not detect default configuration classes for test class [com.owino.securityapp.api_tests.HolidaysApiTests]: HolidaysApiTests does not declare any static, non-private, non-final, nested classes annotated with @Configuration.
14:22:34.797 [main] DEBUG org.springframework.boot.test.autoconfigure.web.servlet.WebMvcTestContextBootstrapper - Using ContextCustomizers for test class [HolidaysApiTests]: [ImportsContextCustomizer, ExcludeFilterContextCustomizer, DuplicateJsonObjectContextCustomizer, MockitoContextCustomizer, DisableAutoConfigurationContextCustomizer, DisableObservabilityContextCustomizer, TypeExcludeFiltersContextCustomizer, PropertyMappingContextCustomizer, Customizer]
14:22:35.274 [main] DEBUG org.springframework.context.annotation.ClassPathScanningCandidateComponentProvider - Identified candidate component class: file [/Users/samuelowino/Documents/rain-water/spring/spring-security/security-app/target/classes/com/owino/securityapp/SecurityappApplication.class]
14:22:35.277 [main] INFO org.springframework.boot.test.context.SpringBootTestContextBootstrapper - Found @SpringBootConfiguration com.owino.securityapp.SecurityappApplication for test class com.owino.securityapp.api_tests.HolidaysApiTests
14:22:35.338 [main] DEBUG org.springframework.boot.test.autoconfigure.web.servlet.WebMvcTestContextBootstrapper - Using TestExecutionListeners for test class [HolidaysApiTests]: [ServletTestExecutionListener, DirtiesContextBeforeModesTestExecutionListener, ApplicationEventsTestExecutionListener, MockitoTestExecutionListener, DependencyInjectionTestExecutionListener, DirtiesContextTestExecutionListener, TransactionalTestExecutionListener, SqlScriptsTestExecutionListener, EventPublishingTestExecutionListener, WithSecurityContextTestExecutionListener, ReactorContextTestExecutionListener, ResetMocksTestExecutionListener, RestDocsTestExecutionListener, MockRestServiceServerResetTestExecutionListener, MockMvcPrintOnlyOnFailureTestExecutionListener, WebDriverTestExecutionListener, MockWebServiceServerTestExecutionListener]
14:22:35.341 [main] DEBUG org.springframework.test.context.support.AbstractDirtiesContextTestExecutionListener - Before test class: class [HolidaysApiTests], class annotated with @DirtiesContext [false] with mode [null]
14:22:35.357 [main] DEBUG org.springframework.test.context.support.DependencyInjectionTestExecutionListener - Performing dependency injection for test class com.owino.securityapp.api_tests.HolidaysApiTests

  .   ____          _            __ _ _
 /\\ / ___'_ __ _ _(_)_ __  __ _ \ \ \ \
( ( )\___ | '_ | '_| | '_ \/ _` | \ \ \ \
 \\/  ___)| |_)| | | | | || (_| |  ) ) ) )
  '  |____| .__|_| |_|_| |_\__, | / / / /
 =========|_|==============|___/=/_/_/_/
 :: Spring Boot ::                (v3.0.1)

2023-01-12T14:22:36.077+03:00  INFO 2485 --- [           main] c.o.s.api_tests.HolidaysApiTests         : Starting HolidaysApiTests using Java 17.0.5 with PID 2485 (started by samuelowino in /Users/samuelowino/Documents/rain-water/spring/spring-security/security-app)
2023-01-12T14:22:36.083+03:00  INFO 2485 --- [           main] c.o.s.api_tests.HolidaysApiTests         : No active profile set, falling back to 1 default profile: "default"
2023-01-12T14:22:37.874+03:00  WARN 2485 --- [           main] ion$DefaultTemplateResolverConfiguration : Cannot find template location: classpath:/templates/ (please add some templates, check your Thymeleaf configuration, or set spring.thymeleaf.check-template-location=false)
2023-01-12T14:22:37.953+03:00  WARN 2485 --- [           main] .s.s.UserDetailsServiceAutoConfiguration : 

Using generated security password: f326d0ac-16c6-470e-8b48-3c0a068fe72f

This generated password is for development use only. Your security configuration must be updated before running your application in production.

2023-01-12T14:22:38.126+03:00  INFO 2485 --- [           main] o.s.s.web.DefaultSecurityFilterChain     : Will secure any request with [org.springframework.security.web.session.DisableEncodeUrlFilter@6f825516, org.springframework.security.web.context.request.async.WebAsyncManagerIntegrationFilter@2da99821, org.springframework.security.web.context.SecurityContextHolderFilter@6baf25d7, org.springframework.security.web.header.HeaderWriterFilter@38d08cb5, org.springframework.security.web.csrf.CsrfFilter@3d9f5016, org.springframework.security.web.authentication.logout.LogoutFilter@7a2ab862, org.springframework.security.web.authentication.UsernamePasswordAuthenticationFilter@4fb56bea, org.springframework.security.web.authentication.ui.DefaultLoginPageGeneratingFilter@270d43a7, org.springframework.security.web.authentication.ui.DefaultLogoutPageGeneratingFilter@62cba181, org.springframework.security.web.authentication.www.BasicAuthenticationFilter@54a2d96e, org.springframework.security.web.savedrequest.RequestCacheAwareFilter@5b5b59, org.springframework.security.web.servletapi.SecurityContextHolderAwareRequestFilter@33f17289, org.springframework.security.web.authentication.AnonymousAuthenticationFilter@1b482cbf, org.springframework.security.web.access.ExceptionTranslationFilter@2a235b8e, org.springframework.security.web.access.intercept.AuthorizationFilter@58aa10f4]
2023-01-12T14:22:38.232+03:00  INFO 2485 --- [           main] o.s.b.t.m.w.SpringBootMockServletContext : Initializing Spring TestDispatcherServlet ''
2023-01-12T14:22:38.233+03:00  INFO 2485 --- [           main] o.s.t.web.servlet.TestDispatcherServlet  : Initializing Servlet ''
2023-01-12T14:22:38.236+03:00  INFO 2485 --- [           main] o.s.t.web.servlet.TestDispatcherServlet  : Completed initialization in 3 ms
2023-01-12T14:22:38.279+03:00  INFO 2485 --- [           main] c.o.s.api_tests.HolidaysApiTests         : Started HolidaysApiTests in 2.818 seconds (process running for 6.098)

MockHttpServletRequest:
      HTTP Method = GET
      Request URI = /feature
       Parameters = {}
          Headers = []
             Body = null
    Session Attrs = {SPRING_SECURITY_SAVED_REQUEST=DefaultSavedRequest [http://localhost/feature?continue]}

Handler:
             Type = null

Async:
    Async started = false
     Async result = null

Resolved Exception:
             Type = null

ModelAndView:
        View name = null
             View = null
            Model = null

FlashMap:
       Attributes = null

MockHttpServletResponse:
           Status = 401
    Error message = Unauthorized
          Headers = [WWW-Authenticate:"Basic realm="Realm"", X-Content-Type-Options:"nosniff", X-XSS-Protection:"0", Cache-Control:"no-cache, no-store, max-age=0, must-revalidate", Pragma:"no-cache", Expires:"0", X-Frame-Options:"DENY"]
     Content type = null
             Body = 
    Forwarded URL = null
   Redirected URL = null
          Cookies = []
]]></system-out>
  </testcase>
  <testcase name="should_NotListHolidaysToUnAuthenticatedPersons_Test" classname="com.owino.securityapp.api_tests.HolidaysApiTests" time="0.032"/>
</testsuite>